#
# There is insufficient memory for the Java Runtime Environment to continue.
# Native memory allocation (mmap) failed to map 65536 bytes for Failed to commit area from 0x000001fa1cd90000 to 0x000001fa1cda0000 of length 65536.
# Possible reasons:
#   The system is out of physical RAM or swap space
#   The process is running with CompressedOops enabled, and the Java Heap may be blocking the growth of the native heap
# Possible solutions:
#   Reduce memory load on the system
#   Increase physical memory or swap space
#   Check if swap backing store is full
#   Decrease Java heap size (-Xmx/-Xms)
#   Decrease number of Java threads
#   Decrease Java thread stack sizes (-Xss)
#   Set larger code cache with -XX:ReservedCodeCacheSize=
# This output file may be truncated or incomplete.
#
#  Out of Memory Error (c:/BuildAgent/work/1eae4dac1d648407/src/hotspot/os/windows/os_windows.cpp:3296), pid=15364, tid=8284
#
# JRE version:  (11.0.6+8) (build )
# Java VM: OpenJDK 64-Bit Server VM (11.0.6+8-b765.25, mixed mode, sharing, tiered, compressed oops, g1 gc, windows-amd64)
# No core dump will be written. Minidumps are not enabled by default on client versions of Windows
#

---------------  S U M M A R Y ------------

Command Line: org.jetbrains.git4idea.http.GitAskPassApp Username for 'https://github.com': 

Host: Intel(R) Core(TM) i7 CPU         920  @ 2.67GHz, 8 cores, 11G,  Windows 10 , 64 bit Build 19041 (10.0.19041.546)
Time: Fri Oct 23 14:56:47 2020 RTZ 2 (зима) elapsed time: 0 seconds (0d 0h 0m 0s)

---------------  T H R E A D  ---------------

Current thread (0x000001fa084d6000):  JavaThread "Unknown thread" [_thread_in_vm, id=8284, stack(0x0000008ad7d00000,0x0000008ad7e00000)]

Stack: [0x0000008ad7d00000,0x0000008ad7e00000]
Native frames: (J=compiled Java code, j=interpreted, Vv=VM code, C=native code)
V  [jvm.dll+0x5de3ca]
V  [jvm.dll+0x710ae5]
V  [jvm.dll+0x712005]
V  [jvm.dll+0x7126b3]
V  [jvm.dll+0x23e708]
V  [jvm.dll+0x5db874]
V  [jvm.dll+0x5d0aa5]
V  [jvm.dll+0x2fb0fb]
V  [jvm.dll+0x2fb06a]
V  [jvm.dll+0x2faf42]
V  [jvm.dll+0x2fff25]
V  [jvm.dll+0x348735]
V  [jvm.dll+0x348e26]
V  [jvm.dll+0x348823]
V  [jvm.dll+0x2d58a8]
V  [jvm.dll+0x2d6a47]
V  [jvm.dll+0x6ef917]
V  [jvm.dll+0x6f110c]
V  [jvm.dll+0x355d69]
V  [jvm.dll+0x6d4afe]
V  [jvm.dll+0x3bf3d3]
V  [jvm.dll+0x3c1921]
C  [jli.dll+0x5363]
C  [ucrtbase.dll+0x214c2]
C  [KERNEL32.DLL+0x17034]
C  [ntdll.dll+0x4cec1]


---------------  P R O C E S S  ---------------

Threads class SMR info:
_java_thread_list=0x000001fa063b1d80, length=0, elements={
}

Java Threads: ( => current thread )

Other Threads:
  0x000001fa084ef000 GCTaskThread "GC Thread#0" [stack: 0x0000008ad7e00000,0x0000008ad7f00000] [id=11608]
  0x000001fa08538800 ConcurrentGCThread "G1 Main Marker" [stack: 0x0000008ad7f00000,0x0000008ad8000000] [id=11976]
  0x000001fa0853b000 ConcurrentGCThread "G1 Conc#0" [stack: 0x0000008ad8000000,0x0000008ad8100000] [id=18684]

[error occurred during error reporting (printing all threads), id 0xc0000005, EXCEPTION_ACCESS_VIOLATION (0xc0000005) at pc=0x00007ffe15a46227]

VM state:not at safepoint (not fully initialized)

VM Mutex/Monitor currently owned by a thread:  ([mutex/lock_event])
[0x000001fa084d4ab0] Heap_lock - owner thread: 0x000001fa084d6000

Heap address: 0x0000000740000000, size: 3072 MB, Compressed Oops mode: Non-zero based: 0x0000000740000000
Narrow klass base: 0x0000000000000000, Narrow klass shift: 0

GC Heap History (0 events):
No events

Deoptimization events (0 events):
No events

Classes redefined (0 events):
No events

Internal exceptions (0 events):
No events

Events (2 events):
Event: 0.006 Loaded shared library C:\Program Files\IntelliJIdea2020.1\jbr\bin\zip.dll
Event: 0.007 Loaded shared library C:\Program Files\IntelliJIdea2020.1\jbr\bin\jimage.dll


Dynamic libraries:
0x00007ff7ba960000 - 0x00007ff7ba96a000 	C:\Program Files\IntelliJIdea2020.1\jbr\bin\java.exe
0x00007ffe49f10000 - 0x00007ffe4a106000 	C:\WINDOWS\SYSTEM32\ntdll.dll
0x00007ffe49670000 - 0x00007ffe4972d000 	C:\WINDOWS\System32\KERNEL32.DLL
0x00007ffe47c80000 - 0x00007ffe47f48000 	C:\WINDOWS\System32\KERNELBASE.dll
0x00007ffe47b00000 - 0x00007ffe47c00000 	C:\WINDOWS\System32\ucrtbase.dll
0x00007ffe38380000 - 0x00007ffe38399000 	C:\Program Files\IntelliJIdea2020.1\jbr\bin\jli.dll
0x00007ffe376d0000 - 0x00007ffe376e7000 	C:\Program Files\IntelliJIdea2020.1\jbr\bin\VCRUNTIME140.dll
0x00007ffe49400000 - 0x00007ffe495a0000 	C:\WINDOWS\System32\USER32.dll
0x00007ffe479d0000 - 0x00007ffe479f2000 	C:\WINDOWS\System32\win32u.dll
0x00007ffe34ef0000 - 0x00007ffe3518b000 	C:\WINDOWS\WinSxS\amd64_microsoft.windows.common-controls_6595b64144ccf1df_6.0.19041.488_none_ca04af081b815d21\COMCTL32.dll
0x00007ffe49170000 - 0x00007ffe4919a000 	C:\WINDOWS\System32\GDI32.dll
0x00007ffe49bb0000 - 0x00007ffe49c4e000 	C:\WINDOWS\System32\msvcrt.dll
0x00007ffe478c0000 - 0x00007ffe479c9000 	C:\WINDOWS\System32\gdi32full.dll
0x00007ffe47a60000 - 0x00007ffe47afd000 	C:\WINDOWS\System32\msvcp_win.dll
0x00007ffe49290000 - 0x00007ffe492c0000 	C:\WINDOWS\System32\IMM32.DLL
0x00007ffe2fec0000 - 0x00007ffe2ff5d000 	C:\Program Files\IntelliJIdea2020.1\jbr\bin\msvcp140.dll
0x00007ffe15760000 - 0x00007ffe1621d000 	C:\Program Files\IntelliJIdea2020.1\jbr\bin\server\jvm.dll
0x00007ffe49840000 - 0x00007ffe498ea000 	C:\WINDOWS\System32\ADVAPI32.dll
0x00007ffe49350000 - 0x00007ffe493eb000 	C:\WINDOWS\System32\sechost.dll
0x00007ffe49cc0000 - 0x00007ffe49de4000 	C:\WINDOWS\System32\RPCRT4.dll
0x00007ffe49ec0000 - 0x00007ffe49ec8000 	C:\WINDOWS\System32\PSAPI.DLL
0x00007ffe41d00000 - 0x00007ffe41d0a000 	C:\WINDOWS\SYSTEM32\VERSION.dll
0x00007ffe23600000 - 0x00007ffe23609000 	C:\WINDOWS\SYSTEM32\WSOCK32.dll
0x00007ffe37ce0000 - 0x00007ffe37d07000 	C:\WINDOWS\SYSTEM32\WINMM.dll
0x00007ffe49c50000 - 0x00007ffe49cbb000 	C:\WINDOWS\System32\WS2_32.dll
0x00007ffe455d0000 - 0x00007ffe455e2000 	C:\WINDOWS\SYSTEM32\kernel.appcore.dll
0x00007ffe392f0000 - 0x00007ffe39301000 	C:\Program Files\IntelliJIdea2020.1\jbr\bin\verify.dll
0x00007ffe41010000 - 0x00007ffe411f4000 	C:\WINDOWS\SYSTEM32\DBGHELP.DLL
0x00007ffe412d0000 - 0x00007ffe412fc000 	C:\WINDOWS\SYSTEM32\dbgcore.DLL
0x00007ffe47c00000 - 0x00007ffe47c7f000 	C:\WINDOWS\System32\bcryptPrimitives.dll
0x00007ffe38330000 - 0x00007ffe38359000 	C:\Program Files\IntelliJIdea2020.1\jbr\bin\java.dll
0x00007ffe38210000 - 0x00007ffe38228000 	C:\Program Files\IntelliJIdea2020.1\jbr\bin\zip.dll
0x00007ffe39260000 - 0x00007ffe3926b000 	C:\Program Files\IntelliJIdea2020.1\jbr\bin\jimage.dll

dbghelp: loaded successfully - version: 4.0.5 - missing functions: none
symbol engine: initialized successfully - sym options: 0x614 - pdb path: .;C:\Program Files\IntelliJIdea2020.1\jbr\bin;C:\WINDOWS\SYSTEM32;C:\WINDOWS\WinSxS\amd64_microsoft.windows.common-controls_6595b64144ccf1df_6.0.19041.488_none_ca04af081b815d21;C:\Program Files\IntelliJIdea2020.1\jbr\bin\server

VM Arguments:
java_command: org.jetbrains.git4idea.http.GitAskPassApp Username for 'https://github.com': 
java_class_path (initial): C:/Program Files/IntelliJIdea2020.1/plugins/git4idea/lib/git4idea-rt.jar;C:/Program Files/IntelliJIdea2020.1/lib/xmlrpc-2.0.1.jar;C:/Program Files/IntelliJIdea2020.1/lib/commons-codec-1.14.jar;C:/Program Files/IntelliJIdea2020.1/lib/util.jar
Launcher Type: SUN_STANDARD

[Global flags]
     intx CICompilerCount                          = 4                                         {product} {ergonomic}
     uint ConcGCThreads                            = 2                                         {product} {ergonomic}
     uint G1ConcRefinementThreads                  = 8                                         {product} {ergonomic}
   size_t G1HeapRegionSize                         = 1048576                                   {product} {ergonomic}
    uintx GCDrainStackTargetSize                   = 64                                        {product} {ergonomic}
   size_t InitialHeapSize                          = 201326592                                 {product} {ergonomic}
   size_t MarkStackSize                            = 4194304                                   {product} {ergonomic}
   size_t MaxHeapSize                              = 3221225472                                {product} {ergonomic}
   size_t MinHeapDeltaBytes                        = 1048576                                   {product} {ergonomic}
    uintx NonNMethodCodeHeapSize                   = 5836300                                {pd product} {ergonomic}
    uintx NonProfiledCodeHeapSize                  = 122910970                              {pd product} {ergonomic}
    uintx ProfiledCodeHeapSize                     = 122910970                              {pd product} {ergonomic}
    uintx ReservedCodeCacheSize                    = 251658240                              {pd product} {ergonomic}
     bool SegmentedCodeCache                       = true                                      {product} {ergonomic}
     bool UseCompressedClassPointers               = true                                 {lp64_product} {ergonomic}
     bool UseCompressedOops                        = true                                 {lp64_product} {ergonomic}
     bool UseG1GC                                  = true                                      {product} {ergonomic}
     bool UseLargePagesIndividualAllocation        = false                                  {pd product} {ergonomic}

Logging:
Log output configuration:
 #0: stdout all=warning uptime,level,tags
 #1: stderr all=off uptime,level,tags

Environment Variables:
PATH=C:\Program Files\Git\mingw64\libexec\git-core;C:\Program Files\Git\mingw64\libexec\git-core;C:\Program Files\Git\mingw64\bin;C:\Program Files\Git\usr\bin;C:\Users\korot\bin;C:\Program Files\Common Files\Oracle\Java\javapath;C:\Program Files (x86)\Common Files\Oracle\Java\javapath;C:\Windows\system32;C:\Windows;C:\Windows\System32\Wbem;C:\Windows\System32\WindowsPowerShell\v1.0;C:\Program Files\Java\jdk-12\bin;C:\WINDOWS\system32;C:\WINDOWS;C:\WINDOWS\System32\Wbem;C:\WINDOWS\System32\WindowsPowerShell\v1.0;C:\WINDOWS\System32\OpenSSH;C:\Program Files\PuTTY;C:\hashcat;C:\Program Files (x86)\NVIDIA Corporation\PhysX\Common;C:\WINDOWS\system32;C:\WINDOWS;C:\WINDOWS\System32\Wbem;C:\WINDOWS\System32\WindowsPowerShell\v1.0;C:\WINDOWS\System32\OpenSSH;C:\Program Files\Git\cmd;C:\Program Files\PostgreSQL\12\bin;C:\Users\korot\AppData\Local\Microsoft\WindowsApps
USERNAME=korot
DISPLAY=:0.0
OS=Windows_NT
PROCESSOR_IDENTIFIER=Intel64 Family 6 Model 26 Stepping 5, GenuineIntel



---------------  S Y S T E M  ---------------

OS: Windows 10 , 64 bit Build 19041 (10.0.19041.546)

CPU:total 8 (initial active 8) (4 cores per cpu, 2 threads per core) family 6 model 26 stepping 5, cmov, cx8, fxsr, mmx, sse, sse2, sse3, ssse3, sse4.1, sse4.2, popcnt, ht, tsc, tscinvbit, tscinv

Memory: 4k page, system-wide physical 12286M (751M free)
TotalPageFile size 20478M (AvailPageFile size 3M)
current process WorkingSet (physical memory assigned to process): 10M, peak: 10M
current process commit charge ("private bytes"): 255M, peak: 255M

vm_info: OpenJDK 64-Bit Server VM (11.0.6+8-b765.25) for windows-amd64 JRE (11.0.6+8-b765.25), built on Mar 30 2020 12:57:22 by "" with MS VC++ 14.0 (VS2015)

END.
